TN:
SF:script/DeployBookie.s.sol
FN:10,DeployBookie.run
FNDA:0,DeployBookie.run
FN:12,DeployBookie.deployContract
FNDA:31,DeployBookie.deployContract
DA:13,31
DA:15,31
DA:17,31
BRDA:17,0,0,31
DA:19,31
DA:20,31
DA:24,31
DA:25,31
DA:28,31
DA:29,31
DA:39,31
DA:40,31
DA:42,31
DA:43,31
FNF:2
FNH:1
LF:13
LH:13
BRF:1
BRH:1
end_of_record
TN:
SF:script/HelperConfig.s.sol
FN:41,HelperConfig.
FNDA:31,HelperConfig.
DA:42,31
FN:45,HelperConfig.getConfigByChainId
FNDA:0,HelperConfig.getConfigByChainId
DA:46,62
BRDA:46,0,0,-
BRDA:46,0,1,-
DA:47,0
DA:48,62
BRDA:48,1,0,62
BRDA:48,1,1,-
DA:49,62
DA:51,0
FN:55,HelperConfig.getConfig
FNDA:62,HelperConfig.getConfig
DA:56,62
FN:59,HelperConfig.getSepoliaEthConfig
FNDA:31,HelperConfig.getSepoliaEthConfig
DA:60,31
FN:73,HelperConfig.getOrCreateAnvilEthConfig
FNDA:0,HelperConfig.getOrCreateAnvilEthConfig
DA:74,62
BRDA:74,2,0,31
DA:75,31
DA:79,31
DA:80,31
DA:81,31
DA:82,31
DA:83,31
DA:85,31
DA:96,31
FNF:5
FNH:3
LF:17
LH:15
BRF:5
BRH:2
end_of_record
TN:
SF:script/interactions.s.sol
FN:12,CreateSubscription.createSubscriptionUsingConfig
FNDA:0,CreateSubscription.createSubscriptionUsingConfig
DA:13,0
DA:14,0
DA:15,0
DA:16,0
DA:17,0
FN:20,CreateSubscription.createSubscription
FNDA:31,CreateSubscription.createSubscription
DA:21,31
DA:22,31
DA:23,31
DA:24,31
DA:25,31
DA:26,31
DA:27,31
FN:30,CreateSubscription.run
FNDA:0,CreateSubscription.run
DA:31,0
FN:38,FundSubscription.fundSubscriptionUsingConfig
FNDA:0,FundSubscription.fundSubscriptionUsingConfig
DA:39,0
DA:40,0
DA:41,0
DA:42,0
DA:43,0
DA:44,0
FN:47,FundSubscription.fundSubscription
FNDA:31,FundSubscription.fundSubscription
DA:55,31
DA:56,31
DA:57,31
DA:59,31
BRDA:59,0,0,31
BRDA:59,0,1,-
DA:60,31
DA:61,31
DA:62,31
DA:64,0
DA:65,0
DA:66,0
FN:70,FundSubscription.run
FNDA:0,FundSubscription.run
DA:71,0
FN:76,AddCounsumer.addConsumerUsingConfig
FNDA:0,AddCounsumer.addConsumerUsingConfig
DA:77,0
DA:78,0
DA:79,0
DA:80,0
DA:81,0
FN:84,AddCounsumer.addConsumer
FNDA:31,AddCounsumer.addConsumer
DA:85,31
DA:86,31
DA:87,31
DA:88,31
DA:89,31
DA:90,31
DA:91,31
FN:94,AddCounsumer.run
FNDA:0,AddCounsumer.run
DA:95,0
DA:96,0
FNF:9
FNH:3
LF:44
LH:21
BRF:2
BRH:1
end_of_record
TN:
SF:src/Bookie.sol
FN:176,Bookie.onlyowner
FNDA:2,Bookie.onlyowner
DA:177,2
BRDA:177,0,0,1
DA:178,1
FN:187,Bookie.
FNDA:32,Bookie.
DA:198,32
DA:199,32
DA:200,32
DA:202,32
FN:220,Bookie.createLottery
FNDA:23,Bookie.createLottery
DA:221,25
BRDA:221,1,0,1
DA:222,1
DA:224,24
DA:225,24
FN:243,Bookie.buyTicket
FNDA:25,Bookie.buyTicket
DA:244,25
BRDA:244,2,0,1
DA:245,1
DA:247,24
BRDA:247,3,0,1
DA:248,1
DA:250,23
BRDA:250,4,0,1
DA:251,1
DA:253,22
BRDA:253,5,0,1
DA:254,1
DA:256,21
DA:257,21
FN:260,Bookie.pickWinner
FNDA:6,Bookie.pickWinner
DA:261,9
BRDA:261,6,0,1
DA:262,1
DA:264,8
BRDA:264,7,0,3
DA:265,3
DA:266,3
DA:268,5
FN:271,Bookie.checkUpkeep
FNDA:2,Bookie.checkUpkeep
DA:272,2
DA:278,2
FN:281,Bookie.performUpkeep
FNDA:5,Bookie.performUpkeep
DA:282,5
BRDA:282,8,0,5
DA:283,5
BRDA:283,9,0,3
BRDA:283,9,1,2
DA:284,3
DA:286,2
DA:287,2
BRDA:287,10,0,2
DA:288,2
FN:294,Bookie.requestRandomWords
FNDA:0,Bookie.requestRandomWords
DA:296,5
DA:306,5
DA:307,5
DA:308,5
DA:309,5
DA:310,0
FN:321,Bookie._createLottery
FNDA:24,Bookie._createLottery
DA:322,24
DA:323,24
DA:335,24
FN:338,Bookie._buyTicket
FNDA:21,Bookie._buyTicket
DA:339,21
DA:340,21
DA:342,21
DA:343,21
DA:344,21
DA:346,21
DA:347,21
FN:350,Bookie._pickWinner
FNDA:5,Bookie._pickWinner
DA:351,5
DA:352,5
DA:353,5
DA:354,5
DA:355,5
DA:356,5
DA:357,5
DA:359,5
DA:360,5
DA:361,5
FN:364,Bookie._cancelLottery
FNDA:3,Bookie._cancelLottery
DA:365,3
DA:366,3
BRDA:366,11,0,1
DA:367,1
DA:368,1
DA:370,3
FN:381,Bookie._payCancelledLottery
FNDA:1,Bookie._payCancelledLottery
DA:382,1
DA:383,1
DA:384,1
FN:387,Bookie._payLotteryWinner
FNDA:5,Bookie._payLotteryWinner
DA:388,5
DA:389,5
DA:391,5
DA:392,5
DA:393,5
DA:395,5
DA:396,5
DA:398,5
DA:399,5
DA:400,5
FN:411,Bookie._payTo
FNDA:11,Bookie._payTo
DA:412,11
DA:413,11
BRDA:413,12,0,-
BRDA:413,12,1,11
FN:416,Bookie.fulfillRandomWords
FNDA:0,Bookie.fulfillRandomWords
DA:417,0
BRDA:417,13,0,-
DA:418,0
DA:420,0
DA:421,0
DA:422,0
DA:423,0
FN:430,Bookie.getTotalLotteries
FNDA:2,Bookie.getTotalLotteries
DA:431,2
FN:434,Bookie.getTotalTickets
FNDA:1,Bookie.getTotalTickets
DA:435,1
FN:438,Bookie.getLotteryStatus
FNDA:1,Bookie.getLotteryStatus
DA:439,1
FN:442,Bookie.getLotteryWinner
FNDA:1,Bookie.getLotteryWinner
DA:443,1
FN:446,Bookie.getLotteryPrize
FNDA:1,Bookie.getLotteryPrize
DA:447,1
FN:450,Bookie.getLotteryTicketPrice
FNDA:1,Bookie.getLotteryTicketPrice
DA:451,1
FN:454,Bookie.getLotteryOwner
FNDA:1,Bookie.getLotteryOwner
DA:455,1
FN:458,Bookie.getLotteryExpiringTime
FNDA:1,Bookie.getLotteryExpiringTime
DA:459,1
FN:462,Bookie.getLotteryParticipants
FNDA:1,Bookie.getLotteryParticipants
DA:463,1
FN:466,Bookie.getLotteryTickets
FNDA:1,Bookie.getLotteryTickets
DA:467,1
FN:470,Bookie.getKeyHash
FNDA:1,Bookie.getKeyHash
DA:471,1
FN:474,Bookie.getSubscriptionId
FNDA:0,Bookie.getSubscriptionId
DA:475,0
FN:478,Bookie.getCallBackGasLimit
FNDA:1,Bookie.getCallBackGasLimit
DA:479,1
FN:482,Bookie.getRandomNumber
FNDA:0,Bookie.getRandomNumber
DA:483,0
FN:486,Bookie.getBookieDuration
FNDA:2,Bookie.getBookieDuration
DA:487,2
FN:490,Bookie.getBookieMaxParticipants
FNDA:2,Bookie.getBookieMaxParticipants
DA:491,2
FN:494,Bookie.getBookieTicketPrice
FNDA:2,Bookie.getBookieTicketPrice
DA:495,2
FN:498,Bookie.getBookieOwner
FNDA:1,Bookie.getBookieOwner
DA:499,1
FN:502,Bookie.getBookieTotalAmount
FNDA:1,Bookie.getBookieTotalAmount
DA:503,1
FN:506,Bookie.getLottery
FNDA:0,Bookie.getLottery
DA:507,0
FN:510,Bookie.getBookieData
FNDA:0,Bookie.getBookieData
DA:511,0
FN:514,Bookie.currentTime
FNDA:11,Bookie.currentTime
DA:515,51
FN:522,Bookie.updateLotteryDuration
FNDA:2,Bookie.updateLotteryDuration
DA:523,1
FN:526,Bookie.updateLotteryMaxParticipants
FNDA:2,Bookie.updateLotteryMaxParticipants
DA:527,1
FN:530,Bookie.updateLotteryTicketPrice
FNDA:2,Bookie.updateLotteryTicketPrice
DA:531,1
FN:534,Bookie.pause
FNDA:0,Bookie.pause
DA:535,0
FN:538,Bookie.unpause
FNDA:0,Bookie.unpause
DA:539,0
FNF:43
FNH:35
LF:113
LH:100
BRF:16
BRH:14
end_of_record
TN:
SF:test/mocks/LinkToken.sol
FN:15,LinkToken.
FNDA:31,LinkToken.
DA:16,31
FN:19,LinkToken.mint
FNDA:0,LinkToken.mint
DA:20,0
FN:31,LinkToken.transferAndCall
FNDA:0,LinkToken.transferAndCall
DA:32,0
DA:34,0
DA:35,0
BRDA:35,0,0,-
DA:36,0
DA:38,0
FN:43,LinkToken.contractFallback
FNDA:0,LinkToken.contractFallback
DA:44,0
DA:45,0
FN:48,LinkToken.isContract
FNDA:0,LinkToken.isContract
DA:49,0
DA:51,0
DA:53,0
FNF:5
FNH:1
LF:12
LH:1
BRF:1
BRH:0
end_of_record
